<?xml version="1.0" encoding="UTF-8"?>
<testng-results skipped="0" failed="0" total="2" passed="2">
  <reporter-output>
  </reporter-output>
  <suite name="testproj" duration-ms="31" started-at="2018-04-08T13:58:46Z" finished-at="2018-04-08T13:58:46Z">
    <groups>
    </groups>
    <test name="testDemo1" duration-ms="31" started-at="2018-04-08T13:58:46Z" finished-at="2018-04-08T13:58:46Z">
      <class name="TestClass">
        <test-method status="PASS" signature="testcase1()[pri:0, instance:TestClass@1c53fd30]" name="testcase1" duration-ms="0" started-at="2018-04-08T21:58:46Z" finished-at="2018-04-08T21:58:46Z">
          <reporter-output>
          </reporter-output>
        </test-method> <!-- testcase1 -->
        <test-method status="PASS" signature="testcase2()[pri:0, instance:TestClass@1c53fd30]" name="testcase2" duration-ms="0" started-at="2018-04-08T21:58:46Z" finished-at="2018-04-08T21:58:46Z">
          <reporter-output>
          </reporter-output>
        </test-method> <!-- testcase2 -->
      </class> <!-- TestClass -->
    </test> <!-- testDemo1 -->
  </suite> <!-- testproj -->
</testng-results>
